2026-03-28 10:52:25,373 | ERROR | django.request | Internal Server Error: /create/
Traceback (most recent call last):
  File "F:\Reminder-main (1)\Reminder-main\venv\Lib\site-packages\django\core\handlers\exception.py", line 55, in inner
    response = get_response(request)
               ^^^^^^^^^^^^^^^^^^^^^
  File "F:\Reminder-main (1)\Reminder-main\venv\Lib\site-packages\django\core\handlers\base.py", line 197, in _get_response
    response = wrapped_callback(request, *callback_args, **callback_kwargs)
               ^^^^^^^^^^^^^^^^^^^^^^^^^^^^^^^^^^^^^^^^^^^^^^^^^^^^^^^^^^^^
  File "F:\Reminder-main (1)\Reminder-main\venv\Lib\site-packages\django\contrib\auth\decorators.py", line 59, in _view_wrapper
    return view_func(request, *args, **kwargs)
           ^^^^^^^^^^^^^^^^^^^^^^^^^^^^^^^^^^^
  File "F:\Reminder-main (1)\Reminder-main\reminder_app\views.py", line 422, in create_reminder
    return render(request, "reminder_form.html", {
           ^^^^^^^^^^^^^^^^^^^^^^^^^^^^^^^^^^^^^^^
  File "F:\Reminder-main (1)\Reminder-main\venv\Lib\site-packages\django\shortcuts.py", line 25, in render
    content = loader.render_to_string(template_name, context, request, using=using)
              ^^^^^^^^^^^^^^^^^^^^^^^^^^^^^^^^^^^^^^^^^^^^^^^^^^^^^^^^^^^^^^^^^^^^^
  File "F:\Reminder-main (1)\Reminder-main\venv\Lib\site-packages\django\template\loader.py", line 61, in render_to_string
    template = get_template(template_name, using=using)
               ^^^^^^^^^^^^^^^^^^^^^^^^^^^^^^^^^^^^^^^^
  File "F:\Reminder-main (1)\Reminder-main\venv\Lib\site-packages\django\template\loader.py", line 15, in get_template
    return engine.get_template(template_name)
           ^^^^^^^^^^^^^^^^^^^^^^^^^^^^^^^^^^
  File "F:\Reminder-main (1)\Reminder-main\venv\Lib\site-packages\django\template\backends\django.py", line 79, in get_template
    return Template(self.engine.get_template(template_name), self)
                    ^^^^^^^^^^^^^^^^^^^^^^^^^^^^^^^^^^^^^^^
  File "F:\Reminder-main (1)\Reminder-main\venv\Lib\site-packages\django\template\engine.py", line 177, in get_template
    template, origin = self.find_template(template_name)
                       ^^^^^^^^^^^^^^^^^^^^^^^^^^^^^^^^^
  File "F:\Reminder-main (1)\Reminder-main\venv\Lib\site-packages\django\template\engine.py", line 159, in find_template
    template = loader.get_template(name, skip=skip)
               ^^^^^^^^^^^^^^^^^^^^^^^^^^^^^^^^^^^^
  File "F:\Reminder-main (1)\Reminder-main\venv\Lib\site-packages\django\template\loaders\cached.py", line 57, in get_template
    template = super().get_template(template_name, skip)
               ^^^^^^^^^^^^^^^^^^^^^^^^^^^^^^^^^^^^^^^^^
  File "F:\Reminder-main (1)\Reminder-main\venv\Lib\site-packages\django\template\loaders\base.py", line 28, in get_template
    return Template(
           ^^^^^^^^^
  File "F:\Reminder-main (1)\Reminder-main\venv\Lib\site-packages\django\template\base.py", line 155, in __init__
    self.nodelist = self.compile_nodelist()
                    ^^^^^^^^^^^^^^^^^^^^^^^
  File "F:\Reminder-main (1)\Reminder-main\venv\Lib\site-packages\django\template\base.py", line 197, in compile_nodelist
    nodelist = parser.parse()
               ^^^^^^^^^^^^^^
  File "F:\Reminder-main (1)\Reminder-main\venv\Lib\site-packages\django\template\base.py", line 519, in parse
    raise self.error(token, e)
  File "F:\Reminder-main (1)\Reminder-main\venv\Lib\site-packages\django\template\base.py", line 517, in parse
    compiled_result = compile_func(self, token)
                      ^^^^^^^^^^^^^^^^^^^^^^^^^
  File "F:\Reminder-main (1)\Reminder-main\venv\Lib\site-packages\django\template\loader_tags.py", line 299, in do_extends
    nodelist = parser.parse()
               ^^^^^^^^^^^^^^
  File "F:\Reminder-main (1)\Reminder-main\venv\Lib\site-packages\django\template\base.py", line 519, in parse
    raise self.error(token, e)
  File "F:\Reminder-main (1)\Reminder-main\venv\Lib\site-packages\django\template\base.py", line 517, in parse
    compiled_result = compile_func(self, token)
                      ^^^^^^^^^^^^^^^^^^^^^^^^^
  File "F:\Reminder-main (1)\Reminder-main\venv\Lib\site-packages\django\template\loader_tags.py", line 234, in do_block
    nodelist = parser.parse(("endblock",))
               ^^^^^^^^^^^^^^^^^^^^^^^^^^^
  File "F:\Reminder-main (1)\Reminder-main\venv\Lib\site-packages\django\template\base.py", line 524, in parse
    self.unclosed_block_tag(parse_until)
  File "F:\Reminder-main (1)\Reminder-main\venv\Lib\site-packages\django\template\base.py", line 591, in unclosed_block_tag
    raise self.error(token, msg)
django.template.exceptions.TemplateSyntaxError: Unclosed tag on line 2: 'block'. Looking for one of: endblock.
2026-03-28 10:52:25,373 | ERROR | django.request | Internal Server Error: /create/
Traceback (most recent call last):
  File "F:\Reminder-main (1)\Reminder-main\venv\Lib\site-packages\django\core\handlers\exception.py", line 55, in inner
    response = get_response(request)
               ^^^^^^^^^^^^^^^^^^^^^
  File "F:\Reminder-main (1)\Reminder-main\venv\Lib\site-packages\django\core\handlers\base.py", line 197, in _get_response
    response = wrapped_callback(request, *callback_args, **callback_kwargs)
               ^^^^^^^^^^^^^^^^^^^^^^^^^^^^^^^^^^^^^^^^^^^^^^^^^^^^^^^^^^^^
  File "F:\Reminder-main (1)\Reminder-main\venv\Lib\site-packages\django\contrib\auth\decorators.py", line 59, in _view_wrapper
    return view_func(request, *args, **kwargs)
           ^^^^^^^^^^^^^^^^^^^^^^^^^^^^^^^^^^^
  File "F:\Reminder-main (1)\Reminder-main\reminder_app\views.py", line 422, in create_reminder
    return render(request, "reminder_form.html", {
           ^^^^^^^^^^^^^^^^^^^^^^^^^^^^^^^^^^^^^^^
  File "F:\Reminder-main (1)\Reminder-main\venv\Lib\site-packages\django\shortcuts.py", line 25, in render
    content = loader.render_to_string(template_name, context, request, using=using)
              ^^^^^^^^^^^^^^^^^^^^^^^^^^^^^^^^^^^^^^^^^^^^^^^^^^^^^^^^^^^^^^^^^^^^^
  File "F:\Reminder-main (1)\Reminder-main\venv\Lib\site-packages\django\template\loader.py", line 61, in render_to_string
    template = get_template(template_name, using=using)
               ^^^^^^^^^^^^^^^^^^^^^^^^^^^^^^^^^^^^^^^^
  File "F:\Reminder-main (1)\Reminder-main\venv\Lib\site-packages\django\template\loader.py", line 15, in get_template
    return engine.get_template(template_name)
           ^^^^^^^^^^^^^^^^^^^^^^^^^^^^^^^^^^
  File "F:\Reminder-main (1)\Reminder-main\venv\Lib\site-packages\django\template\backends\django.py", line 79, in get_template
    return Template(self.engine.get_template(template_name), self)
                    ^^^^^^^^^^^^^^^^^^^^^^^^^^^^^^^^^^^^^^^
  File "F:\Reminder-main (1)\Reminder-main\venv\Lib\site-packages\django\template\engine.py", line 177, in get_template
    template, origin = self.find_template(template_name)
                       ^^^^^^^^^^^^^^^^^^^^^^^^^^^^^^^^^
  File "F:\Reminder-main (1)\Reminder-main\venv\Lib\site-packages\django\template\engine.py", line 159, in find_template
    template = loader.get_template(name, skip=skip)
               ^^^^^^^^^^^^^^^^^^^^^^^^^^^^^^^^^^^^
  File "F:\Reminder-main (1)\Reminder-main\venv\Lib\site-packages\django\template\loaders\cached.py", line 57, in get_template
    template = super().get_template(template_name, skip)
               ^^^^^^^^^^^^^^^^^^^^^^^^^^^^^^^^^^^^^^^^^
  File "F:\Reminder-main (1)\Reminder-main\venv\Lib\site-packages\django\template\loaders\base.py", line 28, in get_template
    return Template(
           ^^^^^^^^^
  File "F:\Reminder-main (1)\Reminder-main\venv\Lib\site-packages\django\template\base.py", line 155, in __init__
    self.nodelist = self.compile_nodelist()
                    ^^^^^^^^^^^^^^^^^^^^^^^
  File "F:\Reminder-main (1)\Reminder-main\venv\Lib\site-packages\django\template\base.py", line 197, in compile_nodelist
    nodelist = parser.parse()
               ^^^^^^^^^^^^^^
  File "F:\Reminder-main (1)\Reminder-main\venv\Lib\site-packages\django\template\base.py", line 519, in parse
    raise self.error(token, e)
  File "F:\Reminder-main (1)\Reminder-main\venv\Lib\site-packages\django\template\base.py", line 517, in parse
    compiled_result = compile_func(self, token)
                      ^^^^^^^^^^^^^^^^^^^^^^^^^
  File "F:\Reminder-main (1)\Reminder-main\venv\Lib\site-packages\django\template\loader_tags.py", line 299, in do_extends
    nodelist = parser.parse()
               ^^^^^^^^^^^^^^
  File "F:\Reminder-main (1)\Reminder-main\venv\Lib\site-packages\django\template\base.py", line 519, in parse
    raise self.error(token, e)
  File "F:\Reminder-main (1)\Reminder-main\venv\Lib\site-packages\django\template\base.py", line 517, in parse
    compiled_result = compile_func(self, token)
                      ^^^^^^^^^^^^^^^^^^^^^^^^^
  File "F:\Reminder-main (1)\Reminder-main\venv\Lib\site-packages\django\template\loader_tags.py", line 234, in do_block
    nodelist = parser.parse(("endblock",))
               ^^^^^^^^^^^^^^^^^^^^^^^^^^^
  File "F:\Reminder-main (1)\Reminder-main\venv\Lib\site-packages\django\template\base.py", line 524, in parse
    self.unclosed_block_tag(parse_until)
  File "F:\Reminder-main (1)\Reminder-main\venv\Lib\site-packages\django\template\base.py", line 591, in unclosed_block_tag
    raise self.error(token, msg)
django.template.exceptions.TemplateSyntaxError: Unclosed tag on line 2: 'block'. Looking for one of: endblock.
2026-03-28 10:52:25,703 | ERROR | django.server | "GET /create/ HTTP/1.1" 500 186559
2026-03-28 10:52:25,703 | ERROR | django.server | "GET /create/ HTTP/1.1" 500 186559
2026-03-28 23:57:45,773 | ERROR | django.request | Internal Server Error: /create/
Traceback (most recent call last):
  File "F:\Reminder-main (1)\Reminder-main\venv\Lib\site-packages\django\core\handlers\exception.py", line 55, in inner
    response = get_response(request)
               ^^^^^^^^^^^^^^^^^^^^^
  File "F:\Reminder-main (1)\Reminder-main\venv\Lib\site-packages\django\core\handlers\base.py", line 197, in _get_response
    response = wrapped_callback(request, *callback_args, **callback_kwargs)
               ^^^^^^^^^^^^^^^^^^^^^^^^^^^^^^^^^^^^^^^^^^^^^^^^^^^^^^^^^^^^
  File "F:\Reminder-main (1)\Reminder-main\venv\Lib\site-packages\django\contrib\auth\decorators.py", line 59, in _view_wrapper
    return view_func(request, *args, **kwargs)
           ^^^^^^^^^^^^^^^^^^^^^^^^^^^^^^^^^^^
  File "F:\Reminder-main (1)\Reminder-main\reminder_app\views.py", line 370, in create_reminder
    return error("All required fields must be filled (including CC)")
           ^^^^^^^^^^^^^^^^^^^^^^^^^^^^^^^^^^^^^^^^^^^^^^^^^^^^^^^^^^
  File "F:\Reminder-main (1)\Reminder-main\reminder_app\views.py", line 362, in error
    return render(request, "reminders/reminder_form.html", {
           ^^^^^^^^^^^^^^^^^^^^^^^^^^^^^^^^^^^^^^^^^^^^^^^^^
  File "F:\Reminder-main (1)\Reminder-main\venv\Lib\site-packages\django\shortcuts.py", line 25, in render
    content = loader.render_to_string(template_name, context, request, using=using)
              ^^^^^^^^^^^^^^^^^^^^^^^^^^^^^^^^^^^^^^^^^^^^^^^^^^^^^^^^^^^^^^^^^^^^^
  File "F:\Reminder-main (1)\Reminder-main\venv\Lib\site-packages\django\template\loader.py", line 61, in render_to_string
    template = get_template(template_name, using=using)
               ^^^^^^^^^^^^^^^^^^^^^^^^^^^^^^^^^^^^^^^^
  File "F:\Reminder-main (1)\Reminder-main\venv\Lib\site-packages\django\template\loader.py", line 19, in get_template
    raise TemplateDoesNotExist(template_name, chain=chain)
django.template.exceptions.TemplateDoesNotExist: reminders/reminder_form.html
2026-03-28 23:57:45,773 | ERROR | django.request | Internal Server Error: /create/
Traceback (most recent call last):
  File "F:\Reminder-main (1)\Reminder-main\venv\Lib\site-packages\django\core\handlers\exception.py", line 55, in inner
    response = get_response(request)
               ^^^^^^^^^^^^^^^^^^^^^
  File "F:\Reminder-main (1)\Reminder-main\venv\Lib\site-packages\django\core\handlers\base.py", line 197, in _get_response
    response = wrapped_callback(request, *callback_args, **callback_kwargs)
               ^^^^^^^^^^^^^^^^^^^^^^^^^^^^^^^^^^^^^^^^^^^^^^^^^^^^^^^^^^^^
  File "F:\Reminder-main (1)\Reminder-main\venv\Lib\site-packages\django\contrib\auth\decorators.py", line 59, in _view_wrapper
    return view_func(request, *args, **kwargs)
           ^^^^^^^^^^^^^^^^^^^^^^^^^^^^^^^^^^^
  File "F:\Reminder-main (1)\Reminder-main\reminder_app\views.py", line 370, in create_reminder
    return error("All required fields must be filled (including CC)")
           ^^^^^^^^^^^^^^^^^^^^^^^^^^^^^^^^^^^^^^^^^^^^^^^^^^^^^^^^^^
  File "F:\Reminder-main (1)\Reminder-main\reminder_app\views.py", line 362, in error
    return render(request, "reminders/reminder_form.html", {
           ^^^^^^^^^^^^^^^^^^^^^^^^^^^^^^^^^^^^^^^^^^^^^^^^^
  File "F:\Reminder-main (1)\Reminder-main\venv\Lib\site-packages\django\shortcuts.py", line 25, in render
    content = loader.render_to_string(template_name, context, request, using=using)
              ^^^^^^^^^^^^^^^^^^^^^^^^^^^^^^^^^^^^^^^^^^^^^^^^^^^^^^^^^^^^^^^^^^^^^
  File "F:\Reminder-main (1)\Reminder-main\venv\Lib\site-packages\django\template\loader.py", line 61, in render_to_string
    template = get_template(template_name, using=using)
               ^^^^^^^^^^^^^^^^^^^^^^^^^^^^^^^^^^^^^^^^
  File "F:\Reminder-main (1)\Reminder-main\venv\Lib\site-packages\django\template\loader.py", line 19, in get_template
    raise TemplateDoesNotExist(template_name, chain=chain)
django.template.exceptions.TemplateDoesNotExist: reminders/reminder_form.html
2026-03-28 23:57:45,810 | ERROR | django.server | "POST /create/ HTTP/1.1" 500 103352
2026-03-28 23:57:45,810 | ERROR | django.server | "POST /create/ HTTP/1.1" 500 103352
