2026-04-06 09:26:05,177 | INFO | activity_logger | User=sujal | Action=login | Status=success | Description=User logged in
2026-04-06 09:58:47,476 | INFO | activity_logger | User=sujal | Action=create | Status=success | Description=Created reminder: asd
2026-04-06 10:26:02,139 | INFO | activity_logger | User=sujal | Action=create | Status=success | Description=Created reminder: sdfg
2026-04-06 10:26:09,767 | INFO | activity_logger | User=sujal | Action=delete | Status=success | Description=Deleted reminder: asd
2026-04-06 10:26:14,162 | INFO | activity_logger | User=sujal | Action=delete | Status=success | Description=Deleted reminder: asdf
2026-04-06 10:26:19,142 | INFO | activity_logger | User=sujal | Action=delete | Status=success | Description=Deleted reminder: asdf
2026-04-06 10:59:57,058 | INFO | activity_logger | User=sujal | Action=login | Status=success | Description=User logged in
2026-04-06 12:00:11,583 | INFO | activity_logger | User=sujal | Action=login | Status=success | Description=User logged in
2026-04-06 12:11:07,683 | INFO | activity_logger | User=sujal | Action=logout | Status=success | Description=User logged out
2026-04-06 12:11:15,267 | INFO | activity_logger | User=gouri | Action=login | Status=success | Description=User logged in
2026-04-06 12:14:25,962 | INFO | activity_logger | User=gouri | Action=logout | Status=success | Description=User logged out
2026-04-06 12:14:29,029 | INFO | activity_logger | User=sujal | Action=login | Status=success | Description=User logged in
2026-04-06 12:17:13,174 | INFO | activity_logger | User=sujal | Action=logout | Status=success | Description=User logged out
2026-04-06 12:17:21,157 | INFO | activity_logger | User=gouri | Action=login | Status=success | Description=User logged in
2026-04-06 12:18:36,932 | INFO | activity_logger | User=gouri | Action=create | Status=success | Description=Created reminder: asdf
2026-04-06 12:19:16,407 | INFO | activity_logger | User=gouri | Action=create | Status=success | Description=Created reminder: asdfg
2026-04-06 14:18:59,828 | INFO | activity_logger | User=gouri | Action=login | Status=success | Description=User logged in
2026-04-06 14:19:24,166 | INFO | activity_logger | User=gouri | Action=logout | Status=success | Description=User logged out
2026-04-06 14:19:30,514 | INFO | activity_logger | User=sujal | Action=login | Status=success | Description=User logged in
2026-04-06 14:19:37,235 | INFO | activity_logger | User=sujal | Action=delete | Status=success | Description=Deleted reminder: asdfg
2026-04-06 14:19:41,062 | INFO | activity_logger | User=sujal | Action=delete | Status=success | Description=Deleted reminder: asdf
2026-04-06 14:19:56,408 | INFO | activity_logger | User=sujal | Action=delete | Status=success | Description=Deleted reminder: tesy
2026-04-06 14:20:01,170 | INFO | activity_logger | User=sujal | Action=delete | Status=success | Description=Deleted reminder: a
2026-04-06 14:20:05,259 | INFO | activity_logger | User=sujal | Action=delete | Status=success | Description=Deleted reminder: sdfg
2026-04-06 15:22:03,050 | INFO | activity_logger | User=sujal | Action=login | Status=success | Description=User logged in
2026-04-06 15:23:09,305 | INFO | activity_logger | User=sujal | Action=create | Status=success | Description=Created reminder: asdf
