2026-03-27 09:46:02,073 | INFO | activity_logger | User=sujal | Action=login | Description=User logged in
2026-03-27 10:50:02,619 | INFO | activity_logger | User=sujal | Action=login | Description=User logged in
2026-03-27 11:05:52,452 | INFO | activity_logger | User=sujal | Action=login | Description=User logged in
2026-03-27 11:13:40,162 | INFO | activity_logger | User=sujal | Action=login | Description=User logged in
2026-03-27 11:24:52,845 | INFO | activity_logger | User=sujal | Action=login | Description=User logged in
2026-03-27 11:37:20,421 | INFO | activity_logger | User=sujal | Action=login | Description=User logged in
2026-03-27 12:12:25,005 | INFO | activity_logger | User=sujal | Action=login | Description=User logged in
2026-03-27 13:45:30,607 | INFO | activity_logger | User=sujal | Action=login | Description=User logged in
2026-03-27 14:27:26,929 | INFO | activity_logger | User=sujal | Action=create | Description=Created reminder: sd
2026-03-27 15:08:30,622 | INFO | activity_logger | User=sujal | Action=create | Description=Created reminder: tets
2026-03-27 15:11:15,680 | INFO | activity_logger | User=sujal | Action=create | Description=Created reminder: test
2026-03-27 15:12:11,548 | INFO | activity_logger | User=sujal | Action=delete | Description=Deleted reminder: test
2026-03-27 15:12:15,967 | INFO | activity_logger | User=sujal | Action=delete | Description=Deleted reminder: sd
2026-03-27 15:12:20,360 | INFO | activity_logger | User=sujal | Action=delete | Description=Deleted reminder: tets
2026-03-27 15:31:06,180 | INFO | activity_logger | User=sujal | Action=login | Description=User logged in
2026-03-27 15:37:40,588 | INFO | activity_logger | User=sujal | Action=create | Description=Created reminder: test
2026-03-27 15:42:46,309 | INFO | activity_logger | User=sujal | Action=create | Description=Created reminder: test
2026-03-27 15:53:45,329 | INFO | activity_logger | User=sujal | Action=create | Description=Created reminder: sujal
2026-03-27 16:08:30,706 | INFO | activity_logger | User=sujal | Action=create | Description=Created reminder: test
2026-03-27 16:15:52,249 | INFO | activity_logger | User=sujal | Action=create | Description=Created reminder: test
2026-03-27 16:30:36,863 | INFO | activity_logger | User=sujal | Action=create | Description=Created reminder: test
2026-03-27 16:35:29,038 | INFO | activity_logger | User=sujal | Action=create | Description=Created reminder: test
2026-03-27 16:43:08,450 | INFO | activity_logger | User=sujal | Action=create | Description=Created reminder: test
2026-03-27 16:46:42,151 | INFO | activity_logger | User=sujal | Action=create | Description=Created reminder: test
2026-03-27 16:52:42,889 | INFO | activity_logger | User=sujal | Action=create | Description=Created reminder: test
2026-03-27 17:05:37,753 | INFO | activity_logger | User=sujal | Action=create | Description=Created reminder: test
