2026-03-29 00:03:34,945 | INFO | activity_logger | User=sujal | Action=create | Description=Created reminder: asd
2026-03-29 00:20:06,960 | INFO | activity_logger | User=sujal | Action=create | Description=Created reminder: sd
2026-03-29 00:27:20,082 | INFO | activity_logger | User=sujal | Action=edit | Description=Edited reminder: sd
2026-03-29 00:27:26,998 | INFO | activity_logger | User=sujal | Action=delete | Description=Deleted reminder: test
2026-03-29 00:27:30,818 | INFO | activity_logger | User=sujal | Action=delete | Description=Deleted reminder: test
2026-03-29 00:27:35,208 | INFO | activity_logger | User=sujal | Action=delete | Description=Deleted reminder: test
2026-03-29 00:27:41,634 | INFO | activity_logger | User=sujal | Action=delete | Description=Deleted reminder: test
2026-03-29 00:27:47,668 | INFO | activity_logger | User=sujal | Action=delete | Description=Deleted reminder: test
2026-03-29 00:27:51,968 | INFO | activity_logger | User=sujal | Action=delete | Description=Deleted reminder: test
2026-03-29 00:27:59,456 | INFO | activity_logger | User=sujal | Action=delete | Description=Deleted reminder: test
2026-03-29 00:28:03,944 | INFO | activity_logger | User=sujal | Action=delete | Description=Deleted reminder: sujal
2026-03-29 00:28:08,163 | INFO | activity_logger | User=sujal | Action=delete | Description=Deleted reminder: test
2026-03-29 00:28:12,462 | INFO | activity_logger | User=sujal | Action=delete | Description=Deleted reminder: test
2026-03-29 00:28:16,679 | INFO | activity_logger | User=sujal | Action=delete | Description=Deleted reminder: asd
2026-03-29 00:44:50,659 | INFO | activity_logger | User=sujal | Action=login | Description=User logged in
2026-03-29 00:52:31,685 | INFO | activity_logger | User=sujal | Action=create | Description=Created reminder: test
2026-03-29 00:58:26,129 | INFO | activity_logger | User=sujal | Action=create | Description=Created reminder: test
2026-03-29 01:49:15,949 | INFO | activity_logger | User=sujal | Action=login | Description=User logged in
2026-03-29 01:50:39,928 | INFO | activity_logger | User=sujal | Action=create | Description=Created reminder: asdfg
2026-03-29 02:06:41,729 | INFO | activity_logger | User=sujal | Action=create_user | Description=Created user sujal2
2026-03-29 02:06:56,471 | INFO | activity_logger | User=sujal | Action=create_user | Description=Created user sujal3
2026-03-29 02:07:19,536 | INFO | activity_logger | User=sujal | Action=create_user | Description=Created user sujal4
2026-03-29 02:07:55,944 | INFO | activity_logger | User=sujal | Action=logout | Description=User logged out
2026-03-29 10:58:29,551 | INFO | activity_logger | User=sujal | Action=login | Description=User logged in
2026-03-29 11:26:07,002 | INFO | activity_logger | User=sujal | Action=delete_user | Description=Deleted user sujal3
2026-03-29 11:26:15,256 | INFO | activity_logger | User=sujal | Action=delete_user | Description=Deleted user sujal4
2026-03-29 11:26:20,959 | INFO | activity_logger | User=sujal | Action=delete_user | Description=Deleted user sujal2
2026-03-29 11:31:52,344 | INFO | activity_logger | User=sujal | Action=create | Description=Created reminder: test
2026-03-29 11:32:05,831 | INFO | activity_logger | User=sujal | Action=delete | Description=Deleted reminder: test
2026-03-29 11:32:11,774 | INFO | activity_logger | User=sujal | Action=delete | Description=Deleted reminder: sd
2026-03-29 11:32:16,297 | INFO | activity_logger | User=sujal | Action=delete | Description=Deleted reminder: test
2026-03-29 11:32:45,198 | INFO | activity_logger | User=sujal | Action=create_user | Description=Created user gouri
2026-03-29 11:32:51,437 | INFO | activity_logger | User=sujal | Action=logout | Description=User logged out
2026-03-29 11:33:00,433 | INFO | activity_logger | User=gouri | Action=login | Description=User logged in
2026-03-29 11:34:21,095 | INFO | activity_logger | User=gouri | Action=create | Description=Created reminder: sujal
2026-03-29 11:35:36,472 | INFO | activity_logger | User=gouri | Action=edit | Description=Edited reminder: sujal
2026-03-29 11:35:40,584 | INFO | activity_logger | User=gouri | Action=pause | Description=Paused reminder: sujal
2026-03-29 11:35:45,931 | INFO | activity_logger | User=gouri | Action=delete | Description=Deleted reminder: sujal
2026-03-29 11:46:37,742 | INFO | activity_logger | User=sujal | Action=login | Description=User logged in
2026-03-29 11:46:44,185 | INFO | activity_logger | User=sujal | Action=delete | Description=Deleted reminder: test
